<?xml version="1.0" encoding="UTF-8"?>
<coverage generated="1662222869">
  <project timestamp="1662222869">
    <file name="/home/runner/work/serializer/serializer/src/Context/ApieSerializerContext.php">
      <class name="Apie\Serializer\Context\ApieSerializerContext" namespace="global">
        <metrics complexity="23" methods="9" coveredmethods="5" conditionals="0" coveredconditionals="0" statements="39" coveredstatements="27" elements="48" coveredelements="32"/>
      </class>
      <line num="21" type="method" name="__construct" visibility="public" complexity="1" crap="1" count="18"/>
      <line num="25" type="method" name="denormalizeFromTypehint" visibility="public" complexity="6" crap="13.15" count="3"/>
      <line num="27" type="stmt" count="3"/>
      <line num="28" type="stmt" count="0"/>
      <line num="30" type="stmt" count="3"/>
      <line num="31" type="stmt" count="0"/>
      <line num="32" type="stmt" count="0"/>
      <line num="34" type="stmt" count="0"/>
      <line num="35" type="stmt" count="0"/>
      <line num="36" type="stmt" count="0"/>
      <line num="39" type="stmt" count="0"/>
      <line num="41" type="stmt" count="3"/>
      <line num="42" type="stmt" count="3"/>
      <line num="44" type="stmt" count="1"/>
      <line num="47" type="method" name="denormalizeFromParameter" visibility="public" complexity="7" crap="7.54" count="1"/>
      <line num="49" type="stmt" count="1"/>
      <line num="50" type="stmt" count="1"/>
      <line num="51" type="stmt" count="1"/>
      <line num="52" type="stmt" count="0"/>
      <line num="54" type="stmt" count="1"/>
      <line num="55" type="stmt" count="1"/>
      <line num="56" type="stmt" count="0"/>
      <line num="58" type="stmt" count="1"/>
      <line num="59" type="stmt" count="1"/>
      <line num="62" type="method" name="denormalizeFromMethod" visibility="public" complexity="3" crap="3.04" count="1"/>
      <line num="64" type="stmt" count="1"/>
      <line num="65" type="stmt" count="0"/>
      <line num="67" type="stmt" count="1"/>
      <line num="69" type="stmt" count="1"/>
      <line num="70" type="stmt" count="1"/>
      <line num="72" type="stmt" count="1"/>
      <line num="75" type="method" name="denormalizeChildElement" visibility="public" complexity="1" crap="2" count="0"/>
      <line num="77" type="stmt" count="0"/>
      <line num="78" type="stmt" count="0"/>
      <line num="81" type="method" name="normalizeAgain" visibility="public" complexity="1" crap="1" count="2"/>
      <line num="83" type="stmt" count="2"/>
      <line num="86" type="method" name="normalizeChildElement" visibility="public" complexity="1" crap="1" count="3"/>
      <line num="88" type="stmt" count="3"/>
      <line num="89" type="stmt" count="3"/>
      <line num="92" type="method" name="createChildContext" visibility="public" complexity="2" crap="2" count="4"/>
      <line num="94" type="stmt" count="4"/>
      <line num="95" type="stmt" count="4"/>
      <line num="96" type="stmt" count="2"/>
      <line num="98" type="stmt" count="4"/>
      <line num="99" type="stmt" count="4"/>
      <line num="102" type="method" name="getContext" visibility="public" complexity="1" crap="1" count="10"/>
      <line num="104" type="stmt" count="10"/>
      <metrics loc="107" ncloc="106" classes="1" methods="9" coveredmethods="5" conditionals="0" coveredconditionals="0" statements="39" coveredstatements="27" elements="48" coveredelements="32"/>
    </file>
    <file name="/home/runner/work/serializer/serializer/src/DecoderHashmap.php">
      <class name="Apie\Serializer\DecoderHashmap" namespace="global">
        <metrics complexity="2" methods="2" coveredmethods="0" conditionals="0" coveredconditionals="0" statements="2" coveredstatements="0" elements="4" coveredelements="0"/>
      </class>
      <line num="12" type="method" name="offsetGet" visibility="public" complexity="1" crap="2" count="0"/>
      <line num="14" type="stmt" count="0"/>
      <line num="17" type="method" name="create" visibility="public" complexity="1" crap="2" count="0"/>
      <line num="19" type="stmt" count="0"/>
      <metrics loc="22" ncloc="22" classes="1" methods="2" coveredmethods="0" conditionals="0" coveredconditionals="0" statements="2" coveredstatements="0" elements="4" coveredelements="0"/>
    </file>
    <file name="/home/runner/work/serializer/serializer/src/EncoderHashmap.php">
      <class name="Apie\Serializer\EncoderHashmap" namespace="global">
        <metrics complexity="7" methods="3" coveredmethods="0" conditionals="0" coveredconditionals="0" statements="14" coveredstatements="0" elements="17" coveredelements="0"/>
      </class>
      <line num="16" type="method" name="offsetGet" visibility="public" complexity="1" crap="2" count="0"/>
      <line num="18" type="stmt" count="0"/>
      <line num="21" type="method" name="create" visibility="public" complexity="1" crap="2" count="0"/>
      <line num="23" type="stmt" count="0"/>
      <line num="26" type="method" name="getAcceptedContentTypeForRequest" visibility="public" complexity="5" crap="30" count="0"/>
      <line num="28" type="stmt" count="0"/>
      <line num="29" type="stmt" count="0"/>
      <line num="31" type="stmt" count="0"/>
      <line num="32" type="stmt" count="0"/>
      <line num="33" type="stmt" count="0"/>
      <line num="35" type="stmt" count="0"/>
      <line num="36" type="stmt" count="0"/>
      <line num="37" type="stmt" count="0"/>
      <line num="38" type="stmt" count="0"/>
      <line num="39" type="stmt" count="0"/>
      <line num="40" type="stmt" count="0"/>
      <line num="43" type="stmt" count="0"/>
      <metrics loc="46" ncloc="46" classes="1" methods="3" coveredmethods="0" conditionals="0" coveredconditionals="0" statements="14" coveredstatements="0" elements="17" coveredelements="0"/>
    </file>
    <file name="/home/runner/work/serializer/serializer/src/Encoders/JsonDecoder.php">
      <class name="Apie\Serializer\Encoders\JsonDecoder" namespace="global">
        <metrics complexity="1" methods="1" coveredmethods="0" conditionals="0" coveredconditionals="0" statements="1" coveredstatements="0" elements="2" coveredelements="0"/>
      </class>
      <line num="8" type="method" name="decode" visibility="public" complexity="1" crap="2" count="0"/>
      <line num="10" type="stmt" count="0"/>
      <metrics loc="13" ncloc="13" classes="1" methods="1" coveredmethods="0" conditionals="0" coveredconditionals="0" statements="1" coveredstatements="0" elements="2" coveredelements="0"/>
    </file>
    <file name="/home/runner/work/serializer/serializer/src/Encoders/JsonEncoder.php">
      <class name="Apie\Serializer\Encoders\JsonEncoder" namespace="global">
        <metrics complexity="1" methods="1" coveredmethods="0" conditionals="0" coveredconditionals="0" statements="1" coveredstatements="0" elements="2" coveredelements="0"/>
      </class>
      <line num="10" type="method" name="encode" visibility="public" complexity="1" crap="2" count="0"/>
      <line num="12" type="stmt" count="0"/>
      <metrics loc="15" ncloc="15" classes="1" methods="1" coveredmethods="0" conditionals="0" coveredconditionals="0" statements="1" coveredstatements="0" elements="2" coveredelements="0"/>
    </file>
    <file name="/home/runner/work/serializer/serializer/src/Exceptions/ItemCanNotBeNormalizedInCurrentContext.php">
      <class name="Apie\Serializer\Exceptions\ItemCanNotBeNormalizedInCurrentContext" namespace="global">
        <metrics complexity="1" methods="1" coveredmethods="1" conditionals="0" coveredconditionals="0" statements="2" coveredstatements="2" elements="3" coveredelements="3"/>
      </class>
      <line num="9" type="method" name="__construct" visibility="public" complexity="1" crap="1" count="3"/>
      <line num="11" type="stmt" count="3"/>
      <line num="13" type="stmt" count="3"/>
      <metrics loc="17" ncloc="17" classes="1" methods="1" coveredmethods="1" conditionals="0" coveredconditionals="0" statements="2" coveredstatements="2" elements="3" coveredelements="3"/>
    </file>
    <file name="/home/runner/work/serializer/serializer/src/Exceptions/NotAcceptedException.php">
      <class name="Apie\Serializer\Exceptions\NotAcceptedException" namespace="global">
        <metrics complexity="2" methods="2" coveredmethods="0" conditionals="0" coveredconditionals="0" statements="2" coveredstatements="0" elements="4" coveredelements="0"/>
      </class>
      <line num="9" type="method" name="__construct" visibility="public" complexity="1" crap="2" count="0"/>
      <line num="11" type="stmt" count="0"/>
      <line num="14" type="method" name="getStatusCode" visibility="public" complexity="1" crap="2" count="0"/>
      <line num="16" type="stmt" count="0"/>
      <metrics loc="19" ncloc="19" classes="1" methods="2" coveredmethods="0" conditionals="0" coveredconditionals="0" statements="2" coveredstatements="0" elements="4" coveredelements="0"/>
    </file>
    <file name="/home/runner/work/serializer/serializer/src/Exceptions/ValidationException.php">
      <class name="ValidationException" namespace="global">
        <metrics complexity="1" methods="1" coveredmethods="0" conditionals="0" coveredconditionals="0" statements="1" coveredstatements="0" elements="2" coveredelements="0"/>
      </class>
      <line num="8" type="method" name="getStatusCode" visibility="public" complexity="1" crap="2" count="0"/>
      <line num="10" type="stmt" count="0"/>
      <metrics loc="13" ncloc="13" classes="1" methods="1" coveredmethods="0" conditionals="0" coveredconditionals="0" statements="1" coveredstatements="0" elements="2" coveredelements="0"/>
    </file>
    <file name="/home/runner/work/serializer/serializer/src/Interfaces/DecoderInterface.php">
      <metrics loc="8" ncloc="8" classes="0" methods="0" coveredmethods="0" conditionals="0" coveredconditionals="0" statements="0" coveredstatements="0" elements="0" coveredelements="0"/>
    </file>
    <file name="/home/runner/work/serializer/serializer/src/Interfaces/DenormalizerInterface.php">
      <metrics loc="13" ncloc="13" classes="0" methods="0" coveredmethods="0" conditionals="0" coveredconditionals="0" statements="0" coveredstatements="0" elements="0" coveredelements="0"/>
    </file>
    <file name="/home/runner/work/serializer/serializer/src/Interfaces/EncoderInterface.php">
      <metrics loc="11" ncloc="11" classes="0" methods="0" coveredmethods="0" conditionals="0" coveredconditionals="0" statements="0" coveredstatements="0" elements="0" coveredelements="0"/>
    </file>
    <file name="/home/runner/work/serializer/serializer/src/Interfaces/NormalizerInterface.php">
      <metrics loc="13" ncloc="13" classes="0" methods="0" coveredmethods="0" conditionals="0" coveredconditionals="0" statements="0" coveredstatements="0" elements="0" coveredelements="0"/>
    </file>
    <file name="/home/runner/work/serializer/serializer/src/Lists/NormalizerList.php">
      <class name="Apie\Serializer\Lists\NormalizerList" namespace="global">
        <metrics complexity="7" methods="3" coveredmethods="2" conditionals="0" coveredconditionals="0" statements="7" coveredstatements="6" elements="10" coveredelements="8"/>
      </class>
      <line num="12" type="method" name="offsetGet" visibility="public" complexity="1" crap="2" count="0"/>
      <line num="14" type="stmt" count="0"/>
      <line num="20" type="method" name="iterateOverNormalizers" visibility="public" complexity="3" crap="3" count="6"/>
      <line num="22" type="stmt" count="6"/>
      <line num="23" type="stmt" count="6"/>
      <line num="24" type="stmt" count="6"/>
      <line num="32" type="method" name="iterateOverDenormalizers" visibility="public" complexity="3" crap="3" count="12"/>
      <line num="34" type="stmt" count="12"/>
      <line num="35" type="stmt" count="12"/>
      <line num="36" type="stmt" count="12"/>
      <metrics loc="41" ncloc="35" classes="1" methods="3" coveredmethods="2" conditionals="0" coveredconditionals="0" statements="7" coveredstatements="6" elements="10" coveredelements="8"/>
    </file>
    <file name="/home/runner/work/serializer/serializer/src/Normalizers/BooleanNormalizer.php">
      <class name="Apie\Serializer\Normalizers\BooleanNormalizer" namespace="global">
        <metrics complexity="3" methods="2" coveredmethods="1" conditionals="0" coveredconditionals="0" statements="7" coveredstatements="4" elements="9" coveredelements="5"/>
      </class>
      <line num="12" type="method" name="supportsDenormalization" visibility="public" complexity="2" crap="2" count="5"/>
      <line num="14" type="stmt" count="5"/>
      <line num="16" type="method" name="denormalize" visibility="public" complexity="1" crap="1.12" count="2"/>
      <line num="18" type="stmt" count="2"/>
      <line num="19" type="stmt" count="0"/>
      <line num="20" type="stmt" count="2"/>
      <line num="21" type="stmt" count="0"/>
      <line num="22" type="stmt" count="0"/>
      <line num="23" type="stmt" count="2"/>
      <metrics loc="27" ncloc="27" classes="1" methods="2" coveredmethods="1" conditionals="0" coveredconditionals="0" statements="7" coveredstatements="4" elements="9" coveredelements="5"/>
    </file>
    <file name="/home/runner/work/serializer/serializer/src/Normalizers/EnumNormalizer.php">
      <class name="Apie\Serializer\Normalizers\EnumNormalizer" namespace="global">
        <metrics complexity="7" methods="4" coveredmethods="4" conditionals="0" coveredconditionals="0" statements="11" coveredstatements="11" elements="15" coveredelements="15"/>
      </class>
      <line num="15" type="method" name="supportsNormalization" visibility="public" complexity="1" crap="1" count="6"/>
      <line num="17" type="stmt" count="6"/>
      <line num="23" type="method" name="normalize" visibility="public" complexity="1" crap="1" count="4"/>
      <line num="25" type="stmt" count="4"/>
      <line num="28" type="method" name="supportsDenormalization" visibility="public" complexity="2" crap="2" count="12"/>
      <line num="30" type="stmt" count="12"/>
      <line num="37" type="method" name="denormalize" visibility="public" complexity="3" crap="3" count="9"/>
      <line num="39" type="stmt" count="9"/>
      <line num="40" type="stmt" count="9"/>
      <line num="41" type="stmt" count="8"/>
      <line num="43" type="stmt" count="1"/>
      <line num="45" type="stmt" count="9"/>
      <line num="46" type="stmt" count="9"/>
      <line num="47" type="stmt" count="3"/>
      <line num="49" type="stmt" count="6"/>
      <metrics loc="52" ncloc="45" classes="1" methods="4" coveredmethods="4" conditionals="0" coveredconditionals="0" statements="11" coveredstatements="11" elements="15" coveredelements="15"/>
    </file>
    <file name="/home/runner/work/serializer/serializer/src/Normalizers/FloatNormalizer.php">
      <class name="Apie\Serializer\Normalizers\FloatNormalizer" namespace="global">
        <metrics complexity="3" methods="2" coveredmethods="2" conditionals="0" coveredconditionals="0" statements="2" coveredstatements="2" elements="4" coveredelements="4"/>
      </class>
      <line num="12" type="method" name="supportsDenormalization" visibility="public" complexity="2" crap="2" count="5"/>
      <line num="14" type="stmt" count="5"/>
      <line num="16" type="method" name="denormalize" visibility="public" complexity="1" crap="1" count="2"/>
      <line num="18" type="stmt" count="2"/>
      <metrics loc="21" ncloc="21" classes="1" methods="2" coveredmethods="2" conditionals="0" coveredconditionals="0" statements="2" coveredstatements="2" elements="4" coveredelements="4"/>
    </file>
    <file name="/home/runner/work/serializer/serializer/src/Normalizers/IntegerNormalizer.php">
      <class name="Apie\Serializer\Normalizers\IntegerNormalizer" namespace="global">
        <metrics complexity="3" methods="2" coveredmethods="2" conditionals="0" coveredconditionals="0" statements="2" coveredstatements="2" elements="4" coveredelements="4"/>
      </class>
      <line num="12" type="method" name="supportsDenormalization" visibility="public" complexity="2" crap="2" count="5"/>
      <line num="14" type="stmt" count="5"/>
      <line num="16" type="method" name="denormalize" visibility="public" complexity="1" crap="1" count="2"/>
      <line num="18" type="stmt" count="2"/>
      <metrics loc="21" ncloc="21" classes="1" methods="2" coveredmethods="2" conditionals="0" coveredconditionals="0" statements="2" coveredstatements="2" elements="4" coveredelements="4"/>
    </file>
    <file name="/home/runner/work/serializer/serializer/src/Normalizers/ItemListNormalizer.php">
      <class name="Apie\Serializer\Normalizers\ItemListNormalizer" namespace="global">
        <metrics complexity="8" methods="4" coveredmethods="3" conditionals="0" coveredconditionals="0" statements="9" coveredstatements="6" elements="13" coveredelements="9"/>
      </class>
      <line num="14" type="method" name="supportsNormalization" visibility="public" complexity="2" crap="2" count="3"/>
      <line num="16" type="stmt" count="3"/>
      <line num="22" type="method" name="normalize" visibility="public" complexity="2" crap="2" count="1"/>
      <line num="24" type="stmt" count="1"/>
      <line num="25" type="stmt" count="1"/>
      <line num="26" type="stmt" count="1"/>
      <line num="29" type="stmt" count="1"/>
      <line num="32" type="method" name="supportsDenormalization" visibility="public" complexity="2" crap="2" count="5"/>
      <line num="34" type="stmt" count="5"/>
      <line num="36" type="method" name="denormalize" visibility="public" complexity="2" crap="6" count="0"/>
      <line num="38" type="stmt" count="0"/>
      <line num="39" type="stmt" count="0"/>
      <line num="41" type="stmt" count="0"/>
      <metrics loc="44" ncloc="41" classes="1" methods="4" coveredmethods="3" conditionals="0" coveredconditionals="0" statements="9" coveredstatements="6" elements="13" coveredelements="9"/>
    </file>
    <file name="/home/runner/work/serializer/serializer/src/Normalizers/PaginatedResultNormalizer.php">
      <class name="Apie\Serializer\Normalizers\PaginatedResultNormalizer" namespace="global">
        <metrics complexity="11" methods="6" coveredmethods="4" conditionals="0" coveredconditionals="0" statements="27" coveredstatements="25" elements="33" coveredelements="29"/>
      </class>
      <line num="13" type="method" name="supportsNormalization" visibility="public" complexity="1" crap="1" count="6"/>
      <line num="15" type="stmt" count="6"/>
      <line num="21" type="method" name="normalize" visibility="public" complexity="2" crap="2" count="1"/>
      <line num="23" type="stmt" count="1"/>
      <line num="24" type="stmt" count="1"/>
      <line num="25" type="stmt" count="1"/>
      <line num="28" type="stmt" count="1"/>
      <line num="30" type="stmt" count="1"/>
      <line num="31" type="stmt" count="1"/>
      <line num="32" type="stmt" count="1"/>
      <line num="33" type="stmt" count="1"/>
      <line num="34" type="stmt" count="1"/>
      <line num="35" type="stmt" count="1"/>
      <line num="37" type="stmt" count="1"/>
      <line num="38" type="stmt" count="1"/>
      <line num="46" type="method" name="renderFirst" visibility="private" complexity="1" crap="1" count="1"/>
      <line num="48" type="stmt" count="1"/>
      <line num="54" type="method" name="renderLast" visibility="private" complexity="2" crap="2" count="1"/>
      <line num="56" type="stmt" count="1"/>
      <line num="57" type="stmt" count="1"/>
      <line num="58" type="stmt" count="1"/>
      <line num="60" type="stmt" count="1"/>
      <line num="66" type="method" name="renderPrev" visibility="private" complexity="2" crap="2.15" count="1"/>
      <line num="68" type="stmt" count="1"/>
      <line num="69" type="stmt" count="0"/>
      <line num="72" type="stmt" count="1"/>
      <line num="78" type="method" name="renderNext" visibility="private" complexity="3" crap="3.04" count="1"/>
      <line num="80" type="stmt" count="1"/>
      <line num="81" type="stmt" count="1"/>
      <line num="82" type="stmt" count="1"/>
      <line num="84" type="stmt" count="1"/>
      <line num="85" type="stmt" count="0"/>
      <line num="87" type="stmt" count="1"/>
      <metrics loc="90" ncloc="74" classes="1" methods="6" coveredmethods="4" conditionals="0" coveredconditionals="0" statements="27" coveredstatements="25" elements="33" coveredelements="29"/>
    </file>
    <file name="/home/runner/work/serializer/serializer/src/Normalizers/StringNormalizer.php">
      <class name="Apie\Serializer\Normalizers\StringNormalizer" namespace="global">
        <metrics complexity="2" methods="2" coveredmethods="1" conditionals="0" coveredconditionals="0" statements="7" coveredstatements="4" elements="9" coveredelements="5"/>
      </class>
      <line num="12" type="method" name="supportsDenormalization" visibility="public" complexity="1" crap="1" count="5"/>
      <line num="14" type="stmt" count="5"/>
      <line num="16" type="method" name="denormalize" visibility="public" complexity="1" crap="1.12" count="2"/>
      <line num="18" type="stmt" count="2"/>
      <line num="19" type="stmt" count="2"/>
      <line num="20" type="stmt" count="0"/>
      <line num="21" type="stmt" count="0"/>
      <line num="22" type="stmt" count="0"/>
      <line num="23" type="stmt" count="2"/>
      <metrics loc="27" ncloc="27" classes="1" methods="2" coveredmethods="1" conditionals="0" coveredconditionals="0" statements="7" coveredstatements="4" elements="9" coveredelements="5"/>
    </file>
    <file name="/home/runner/work/serializer/serializer/src/Normalizers/ValueObjectNormalizer.php">
      <class name="Apie\Serializer\Normalizers\ValueObjectNormalizer" namespace="global">
        <metrics complexity="5" methods="4" coveredmethods="4" conditionals="0" coveredconditionals="0" statements="7" coveredstatements="7" elements="11" coveredelements="11"/>
      </class>
      <line num="13" type="method" name="supportsNormalization" visibility="public" complexity="1" crap="1" count="3"/>
      <line num="15" type="stmt" count="3"/>
      <line num="17" type="method" name="normalize" visibility="public" complexity="2" crap="2" count="2"/>
      <line num="19" type="stmt" count="2"/>
      <line num="20" type="stmt" count="2"/>
      <line num="21" type="stmt" count="2"/>
      <line num="23" type="stmt" count="2"/>
      <line num="25" type="method" name="supportsDenormalization" visibility="public" complexity="1" crap="1" count="5"/>
      <line num="27" type="stmt" count="5"/>
      <line num="29" type="method" name="denormalize" visibility="public" complexity="1" crap="1" count="1"/>
      <line num="31" type="stmt" count="1"/>
      <metrics loc="34" ncloc="34" classes="1" methods="4" coveredmethods="4" conditionals="0" coveredconditionals="0" statements="7" coveredstatements="7" elements="11" coveredelements="11"/>
    </file>
    <file name="/home/runner/work/serializer/serializer/src/Serializer.php">
      <class name="Apie\Serializer\Serializer" namespace="global">
        <metrics complexity="24" methods="6" coveredmethods="4" conditionals="0" coveredconditionals="0" statements="61" coveredstatements="57" elements="67" coveredelements="61"/>
      </class>
      <line num="24" type="method" name="__construct" visibility="public" complexity="1" crap="1" count="18"/>
      <line num="28" type="method" name="create" visibility="public" complexity="1" crap="1" count="18"/>
      <line num="30" type="stmt" count="18"/>
      <line num="31" type="stmt" count="18"/>
      <line num="32" type="stmt" count="18"/>
      <line num="33" type="stmt" count="18"/>
      <line num="34" type="stmt" count="18"/>
      <line num="35" type="stmt" count="18"/>
      <line num="36" type="stmt" count="18"/>
      <line num="37" type="stmt" count="18"/>
      <line num="38" type="stmt" count="18"/>
      <line num="42" type="method" name="normalize" visibility="public" complexity="10" crap="10" count="6"/>
      <line num="44" type="stmt" count="6"/>
      <line num="45" type="stmt" count="6"/>
      <line num="46" type="stmt" count="6"/>
      <line num="47" type="stmt" count="6"/>
      <line num="50" type="stmt" count="3"/>
      <line num="51" type="stmt" count="2"/>
      <line num="52" type="stmt" count="2"/>
      <line num="53" type="stmt" count="2"/>
      <line num="54" type="stmt" count="2"/>
      <line num="55" type="stmt" count="2"/>
      <line num="56" type="stmt" count="0"/>
      <line num="58" type="stmt" count="2"/>
      <line num="60" type="stmt" count="2"/>
      <line num="62" type="stmt" count="2"/>
      <line num="64" type="stmt" count="3"/>
      <line num="65" type="stmt" count="3"/>
      <line num="67" type="stmt" count="3"/>
      <line num="68" type="stmt" count="3"/>
      <line num="69" type="stmt" count="3"/>
      <line num="70" type="stmt" count="1"/>
      <line num="71" type="stmt" count="1"/>
      <line num="74" type="stmt" count="2"/>
      <line num="76" type="stmt" count="3"/>
      <line num="79" type="method" name="denormalizeOnMethodCall" visibility="public" complexity="1" crap="2" count="0"/>
      <line num="81" type="stmt" count="0"/>
      <line num="82" type="stmt" count="0"/>
      <line num="83" type="stmt" count="0"/>
      <line num="86" type="method" name="denormalizeNewObject" visibility="public" complexity="7" crap="7" count="12"/>
      <line num="88" type="stmt" count="12"/>
      <line num="89" type="stmt" count="4"/>
      <line num="91" type="stmt" count="12"/>
      <line num="92" type="stmt" count="2"/>
      <line num="94" type="stmt" count="12"/>
      <line num="95" type="stmt" count="12"/>
      <line num="96" type="stmt" count="12"/>
      <line num="97" type="stmt" count="10"/>
      <line num="100" type="stmt" count="5"/>
      <line num="101" type="stmt" count="5"/>
      <line num="102" type="stmt" count="1"/>
      <line num="104" type="stmt" count="4"/>
      <line num="105" type="stmt" count="4"/>
      <line num="106" type="stmt" count="4"/>
      <line num="107" type="stmt" count="1"/>
      <line num="109" type="stmt" count="4"/>
      <line num="110" type="stmt" count="4"/>
      <line num="113" type="method" name="denormalizeOnExistingObject" visibility="public" complexity="4" crap="4" count="4"/>
      <line num="115" type="stmt" count="4"/>
      <line num="116" type="stmt" count="4"/>
      <line num="117" type="stmt" count="4"/>
      <line num="118" type="stmt" count="3"/>
      <line num="120" type="stmt" count="2"/>
      <line num="121" type="stmt" count="2"/>
      <line num="122" type="stmt" count="2"/>
      <line num="127" type="stmt" count="4"/>
      <metrics loc="130" ncloc="127" classes="1" methods="6" coveredmethods="4" conditionals="0" coveredconditionals="0" statements="61" coveredstatements="57" elements="67" coveredelements="61"/>
    </file>
    <metrics files="22" loc="784" ncloc="748" classes="18" methods="55" coveredmethods="33" conditionals="0" coveredconditionals="0" statements="202" coveredstatements="153" elements="257" coveredelements="186"/>
  </project>
</coverage>
